<?xml version="1.0" encoding="UTF-8"?>
<!-- Generated by org.testng.reporters.JUnitXMLReporter -->
<testsuite ignored="1" hostname="DESKTOP-L9L7L9E" failures="3" tests="15" name="Test" time="0.226" errors="0" timestamp="2024-11-10T19:33:13 IST">
  <testcase classname="Test.Basics" name="SecondTestCase" time="0.009"/>
  <testcase classname="Test.Basics" name="print" time="0.0">
    <failure type="org.testng.TestNGException" message="
Parameter &amp;apos;ONE&amp;apos; is required by @Test on method print but has not been marked @Optional or defined
in C:\Users\User\eclipse-workspace\TestNG\testng.xml">
      <![CDATA[org.testng.TestNGException: 
Parameter 'ONE' is required by @Test on method print but has not been marked @Optional or defined
in C:\Users\User\eclipse-workspace\TestNG\testng.xml
at java.base/java.util.ArrayList.forEach(ArrayList.java:1596)
... Removed 26 stack frames]]>
    </failure>
  </testcase> <!-- print -->
  <testcase classname="Test.Basics" name="regressiontc" time="0.009">
    <failure type="java.lang.AssertionError" message="expected [true] but found [false]">
      <![CDATA[java.lang.AssertionError: expected [true] but found [false]
at Test.Basics.regressiontc(Basics.java:53)
at java.base/java.util.ArrayList.forEach(ArrayList.java:1596)
... Removed 29 stack frames]]>
    </failure>
  </testcase> <!-- regressiontc -->
  <testcase classname="Test.Dataprovider" name="webLogin" time="0.007"/>
  <testcase classname="Test.Dataprovider" name="webLogin" time="0.002"/>
  <testcase classname="Test.Dataprovider" name="webLogin" time="0.016"/>
  <testcase classname="Test.GroupsUsage" name="bzxy" time="0.007"/>
  <testcase classname="Test.GroupsUsage" name="middle" time="0.007"/>
  <testcase classname="Test.GroupsUsage" name="regressiontc" time="0.002"/>
  <testcase classname="Test.GroupsUsage" name="Alphaone" time="0.003"/>
  <testcase classname="Test.prioritizeTestcase" name="loginAPI" time="0.002"/>
  <testcase classname="Test.prioritizeTestcase" name="mobilelogin" time="0.002"/>
  <testcase classname="Test.prioritizeTestcase" name="mobilesignout" time="0.002"/>
  <testcase classname="Test.prioritizeTestcase" name="regressiontc" time="0.005"/>
  <testcase classname="Test.prioritizeTestcase" name="webloginLoan" time="0.0">
    <failure type="org.testng.TestNGException" message="
Parameter &amp;apos;URL&amp;apos; is required by @Test on method webloginLoan but has not been marked @Optional or defined
in C:\Users\User\eclipse-workspace\TestNG\testng.xml">
      <![CDATA[org.testng.TestNGException: 
Parameter 'URL' is required by @Test on method webloginLoan but has not been marked @Optional or defined
in C:\Users\User\eclipse-workspace\TestNG\testng.xml
at java.base/java.util.ArrayList.forEach(ArrayList.java:1596)
... Removed 26 stack frames]]>
    </failure>
  </testcase> <!-- webloginLoan -->
  <testcase classname="Test.GroupsUsage" name="bugtc" time="0.0">
    <ignored/>
  </testcase> <!-- bugtc -->
</testsuite> <!-- Test -->
